{"level":"warn","message":"GET en /users/login - at 1/11/2023 - 19:13:26"}
{"level":"warn","message":"GET en /js/login.js - at 1/11/2023 - 19:13:26"}
{"level":"warn","message":"GET en /css/style.css - at 1/11/2023 - 19:13:26"}
{"level":"warn","message":"GET en /favicon.ico - at 1/11/2023 - 19:13:27"}
{"level":"warn","message":"GET en /products - at 1/11/2023 - 19:13:28"}
{"level":"warn","message":"GET en /css/style.css - at 1/11/2023 - 19:13:28"}
{"level":"warn","message":"GET en /products/detail/64ee1e2fec71e4c0df0ba3db - at 1/11/2023 - 19:13:38"}
{"level":"warn","message":"GET en /js/detailProducts.js - at 1/11/2023 - 19:13:38"}
{"level":"warn","message":"GET en /css/style.css - at 1/11/2023 - 19:13:38"}
{"level":"warn","message":"GET en /products/Perisf%C3%A9ricos - at 1/11/2023 - 19:13:53"}
{"level":"warn","message":"GET en /css/style.css - at 1/11/2023 - 19:13:53"}
{"level":"warn","message":"GET en /products - at 1/11/2023 - 19:24:08"}
{"level":"warn","message":"GET en /css/style.css - at 1/11/2023 - 19:24:11"}
{"level":"warn","message":"GET en /products/detail/64ee1d5fec71e4c0df0ba3d9 - at 1/11/2023 - 19:24:18"}
{"level":"warn","message":"GET en /css/style.css - at 1/11/2023 - 19:24:19"}
{"level":"warn","message":"GET en /js/detailProducts.js - at 1/11/2023 - 19:24:19"}
{"level":"warn","message":"GET en /products - at 1/11/2023 - 19:24:40"}
{"level":"warn","message":"GET en /css/style.css - at 1/11/2023 - 19:24:40"}
{"level":"warn","message":"GET en /products/detail/64ee1f1bec71e4c0df0ba3e1 - at 1/11/2023 - 19:24:43"}
{"level":"warn","message":"GET en /css/style.css - at 1/11/2023 - 19:24:43"}
{"level":"warn","message":"GET en /js/detailProducts.js - at 1/11/2023 - 19:24:43"}
{"level":"warn","message":"GET en /products - at 1/11/2023 - 19:24:47"}
{"level":"warn","message":"GET en /css/style.css - at 1/11/2023 - 19:24:48"}
{"level":"warn","message":"GET en /products - at 1/11/2023 - 19:32:24"}
{"level":"warn","message":"GET en /css/style.css - at 1/11/2023 - 19:32:24"}
{"level":"warn","message":"GET en /products/detail/64ee1edcec71e4c0df0ba3df - at 1/11/2023 - 19:34:42"}
{"level":"warn","message":"GET en /css/style.css - at 1/11/2023 - 19:34:42"}
{"level":"warn","message":"GET en /js/detailProducts.js - at 1/11/2023 - 19:34:42"}
{"level":"warn","message":"GET en /products - at 1/11/2023 - 19:36:31"}
{"level":"warn","message":"GET en /css/style.css - at 1/11/2023 - 19:36:32"}
{"level":"warn","message":"GET en /carts - at 1/11/2023 - 19:36:43"}
{"level":"warn","message":"GET en /products - at 1/11/2023 - 19:36:45"}
{"level":"warn","message":"GET en /css/style.css - at 1/11/2023 - 19:36:46"}
{"level":"warn","message":"GET en /products/Notebooks - at 1/11/2023 - 19:38:27"}
{"level":"warn","message":"GET en /css/style.css - at 1/11/2023 - 19:38:28"}
{"level":"warn","message":"GET en /products/detail/64ee22fbec71e4c0df0ba3f5 - at 1/11/2023 - 19:38:38"}
{"level":"warn","message":"GET en /css/style.css - at 1/11/2023 - 19:38:38"}
{"level":"warn","message":"GET en /js/detailProducts.js - at 1/11/2023 - 19:38:38"}
{"level":"error","message":"Error al crear un producto"}
{"level":"error","message":"Error al crear un producto"}
{"level":"error","message":"Error al crear un producto"}
{"level":"error","message":"Error al crear un producto"}
{"level":"error","message":"Error al crear un producto"}
{"level":"error","message":"Error al crear un producto"}
{"level":"error","message":"Error al crear un producto"}
{"level":"error","message":"Error al crear un producto"}
{"level":"error","message":"Error al crear un producto"}
{"level":"error","message":"Error al crear un producto"}
{"level":"error","message":"Error al crear un producto"}
{"level":"error","message":"Error al crear un producto"}
{"level":"error","message":"Error al crear un producto"}
{"level":"error","message":"Error al crear un producto"}
{"level":"error","message":"Error al crear un producto"}
{"level":"error","message":"Error al crear un producto"}
{"level":"error","message":"Se intenta crear un usuario con email ya registrado en DB"}
{"level":"error","message":"Se intenta crear un usuario con email ya registrado en DB"}
{"level":"error","message":"Se intenta crear un usuario con email ya registrado en DB"}
{"level":"error","message":"Se intenta crear un usuario con email ya registrado en DB"}
{"level":"error","message":"Se intenta crear un usuario con email ya registrado en DB"}
{"level":"error","message":"Se intenta crear un usuario con email ya registrado en DB"}
{"level":"error","message":"Se intenta crear un usuario con email ya registrado en DB"}
{"level":"error","message":"Se intenta crear un usuario con email ya registrado en DB"}
{"level":"error","message":"Se intenta crear un usuario con email ya registrado en DB"}
{"level":"error","message":"Se intenta crear un usuario con email ya registrado en DB"}
{"level":"error","message":"Se intenta crear un usuario con email ya registrado en DB"}
{"level":"error","message":"Se intenta crear un usuario con email ya registrado en DB"}
{"level":"error","message":"Usuario no valido, Username o Password incorrecto"}
{"level":"error","message":"Se intenta crear un usuario con email ya registrado en DB"}
{"level":"error","message":"Usuario no valido, Username o Password incorrecto"}
{"level":"error","message":"Se intenta crear un usuario con email ya registrado en DB"}
{"level":"error","message":"Usuario no valido, Username o Password incorrecto"}
{"level":"error","message":"Se intenta crear un usuario con email ya registrado en DB"}
{"level":"error","message":"Usuario no valido, Username o Password incorrecto"}
{"level":"error","message":"Se intenta crear un usuario con email ya registrado en DB"}
{"level":"error","message":"Usuario no valido, Username o Password incorrecto"}
{"level":"error","message":"Se intenta crear un usuario con email ya registrado en DB"}
{"level":"error","message":"Se intenta crear un usuario con email ya registrado en DB"}
{"level":"error","message":"Error al procesar la solicitud de inicio de sesión:"}
{"level":"error","message":"Error al procesar la solicitud de inicio de sesión:"}
{"level":"error","message":"Error al procesar la solicitud de inicio de sesión:"}
{"level":"error","message":"Error al procesar la solicitud de inicio de sesión:"}
{"level":"error","message":"Error al procesar la solicitud de inicio de sesión:"}
{"level":"error","message":"Error al procesar la solicitud de inicio de sesión:"}
{"level":"error","message":"Error al procesar la solicitud de inicio de sesión:"}
{"level":"error","message":"Error al procesar la solicitud de inicio de sesión:"}
{"level":"error","message":"Error al procesar la solicitud de inicio de sesión:"}
{"level":"error","message":"Error al procesar la solicitud de inicio de sesión:"}
{"level":"error","message":"Error al procesar la solicitud de inicio de sesión:"}
{"level":"error","message":"Error al procesar la solicitud de inicio de sesión:"}
{"level":"error","message":"Error al procesar la solicitud de inicio de sesión:"}
{"level":"error","message":"Error al procesar la solicitud de inicio de sesión:"}
{"level":"error","message":"Error interno del servidor: Error al validar usuarioSchema hasn't been registered for model \"products\".\nUse mongoose.model(name, schema)","stack":"Error: Error al validar usuarioSchema hasn't been registered for model \"products\".\nUse mongoose.model(name, schema)\n    at UserService.login (file:///Z:/Maxi/Documents/allcomputers/src/services/dao/Mongo/user.service.js:81:19)\n    at process.processTicksAndRejections (node:internal/process/task_queues:95:5)\n    at async loginController (file:///Z:/Maxi/Documents/allcomputers/src/controllers/user.controller.js:105:22)"}
{"level":"error","message":"Error interno del servidor: Error al validar usuario: exists is not defined","stack":"Error: Error al validar usuario: exists is not defined\n    at UserService.login (file:///Z:/Maxi/Documents/allcomputers/src/services/dao/Mongo/user.service.js:91:19)\n    at process.processTicksAndRejections (node:internal/process/task_queues:95:5)\n    at async loginController (file:///Z:/Maxi/Documents/allcomputers/src/controllers/user.controller.js:105:22)"}
{"level":"error","message":"Error interno del servidor: Error al validar usuario: Schema hasn't been registered for model \"products\".\nUse mongoose.model(name, schema)","stack":"Error: Error al validar usuario: Schema hasn't been registered for model \"products\".\nUse mongoose.model(name, schema)\n    at UserService.login (file:///Z:/Maxi/Documents/allcomputers/src/services/dao/Mongo/user.service.js:90:19)\n    at process.processTicksAndRejections (node:internal/process/task_queues:95:5)\n    at async loginController (file:///Z:/Maxi/Documents/allcomputers/src/controllers/user.controller.js:105:22)"}
{"level":"error","message":"Error interno del servidor: Error al validar usuario: Schema hasn't been registered for model \"products\".\nUse mongoose.model(name, schema)","stack":"Error: Error al validar usuario: Schema hasn't been registered for model \"products\".\nUse mongoose.model(name, schema)\n    at UserService.login (file:///Z:/Maxi/Documents/allcomputers/src/services/dao/Mongo/user.service.js:90:19)\n    at process.processTicksAndRejections (node:internal/process/task_queues:95:5)\n    at async loginController (file:///Z:/Maxi/Documents/allcomputers/src/controllers/user.controller.js:105:22)"}
{"level":"error","message":"Error interno del servidor: Error al validar usuario: Schema hasn't been registered for model \"products\".\nUse mongoose.model(name, schema)","stack":"Error: Error al validar usuario: Schema hasn't been registered for model \"products\".\nUse mongoose.model(name, schema)\n    at UserService.login (file:///Z:/Maxi/Documents/allcomputers/src/services/dao/Mongo/user.service.js:90:19)\n    at process.processTicksAndRejections (node:internal/process/task_queues:95:5)\n    at async loginController (file:///Z:/Maxi/Documents/allcomputers/src/controllers/user.controller.js:105:22)"}
{"level":"error","message":"Error interno del servidor: Error al validar usuario: Schema hasn't been registered for model \"products\".\nUse mongoose.model(name, schema)","stack":"Error: Error al validar usuario: Schema hasn't been registered for model \"products\".\nUse mongoose.model(name, schema)\n    at UserService.login (file:///Z:/Maxi/Documents/allcomputers/src/services/dao/Mongo/user.service.js:90:19)\n    at process.processTicksAndRejections (node:internal/process/task_queues:95:5)\n    at async loginController (file:///Z:/Maxi/Documents/allcomputers/src/controllers/user.controller.js:105:22)"}
{"level":"error","message":"Error interno del servidor: Error al validar usuario: Schema hasn't been registered for model \"products\".\nUse mongoose.model(name, schema)","stack":"Error: Error al validar usuario: Schema hasn't been registered for model \"products\".\nUse mongoose.model(name, schema)\n    at UserService.login (file:///Z:/Maxi/Documents/allcomputers/src/services/dao/Mongo/user.service.js:90:19)\n    at process.processTicksAndRejections (node:internal/process/task_queues:95:5)\n    at async loginController (file:///Z:/Maxi/Documents/allcomputers/src/controllers/user.controller.js:105:22)"}
{"level":"error","message":"Error interno del servidor: Error al validar usuario: Schema hasn't been registered for model \"products\".\nUse mongoose.model(name, schema)","stack":"Error: Error al validar usuario: Schema hasn't been registered for model \"products\".\nUse mongoose.model(name, schema)\n    at UserService.login (file:///Z:/Maxi/Documents/allcomputers/src/services/dao/Mongo/user.service.js:90:19)\n    at process.processTicksAndRejections (node:internal/process/task_queues:95:5)\n    at async loginController (file:///Z:/Maxi/Documents/allcomputers/src/controllers/user.controller.js:105:22)"}
{"level":"error","message":"Usuario no válido, Usuario o contraseña incorrectos"}
{"level":"error","message":"Error interno del servidor: Error al validar usuario: Schema hasn't been registered for model \"products\".\nUse mongoose.model(name, schema)","stack":"Error: Error al validar usuario: Schema hasn't been registered for model \"products\".\nUse mongoose.model(name, schema)\n    at UserService.login (file:///Z:/Maxi/Documents/allcomputers/src/services/dao/Mongo/user.service.js:90:19)\n    at process.processTicksAndRejections (node:internal/process/task_queues:95:5)\n    at async loginController (file:///Z:/Maxi/Documents/allcomputers/src/controllers/user.controller.js:105:22)"}
{"level":"error","message":"Error interno del servidor: Error al validar usuario: Schema hasn't been registered for model \"products\".\nUse mongoose.model(name, schema)","stack":"Error: Error al validar usuario: Schema hasn't been registered for model \"products\".\nUse mongoose.model(name, schema)\n    at UserService.login (file:///Z:/Maxi/Documents/allcomputers/src/services/dao/Mongo/user.service.js:90:19)\n    at process.processTicksAndRejections (node:internal/process/task_queues:95:5)\n    at async loginController (file:///Z:/Maxi/Documents/allcomputers/src/controllers/user.controller.js:105:22)"}
{"level":"error","message":"Usuario no válido, Usuario o contraseña incorrectos"}
{"level":"error","message":"Usuario no válido, Usuario o contraseña incorrectos"}
{"level":"error","message":"Usuario no válido, Usuario o contraseña incorrectos"}
{"level":"error","message":"Error interno del servidor: Error al validar usuario: Schema hasn't been registered for model \"products\".\nUse mongoose.model(name, schema)","stack":"Error: Error al validar usuario: Schema hasn't been registered for model \"products\".\nUse mongoose.model(name, schema)\n    at UserService.login (file:///Z:/Maxi/Documents/allcomputers/src/services/dao/Mongo/user.service.js:90:19)\n    at process.processTicksAndRejections (node:internal/process/task_queues:95:5)\n    at async loginController (file:///Z:/Maxi/Documents/allcomputers/src/controllers/user.controller.js:105:22)"}
{"level":"error","message":"Error interno del servidor: Error al validar usuarioSchema hasn't been registered for model \"products\".\nUse mongoose.model(name, schema)","stack":"Error: Error al validar usuarioSchema hasn't been registered for model \"products\".\nUse mongoose.model(name, schema)\n    at UserService.login (file:///Z:/Maxi/Documents/allcomputers/src/services/dao/Mongo/user.service.js:81:19)\n    at process.processTicksAndRejections (node:internal/process/task_queues:95:5)\n    at async loginController (file:///Z:/Maxi/Documents/allcomputers/src/controllers/user.controller.js:105:22)"}
{"level":"error","message":"Error interno del servidor: Error al validar usuarioSchema hasn't been registered for model \"products\".\nUse mongoose.model(name, schema)","stack":"Error: Error al validar usuarioSchema hasn't been registered for model \"products\".\nUse mongoose.model(name, schema)\n    at UserService.login (file:///Z:/Maxi/Documents/allcomputers/src/services/dao/Mongo/user.service.js:81:19)\n    at process.processTicksAndRejections (node:internal/process/task_queues:95:5)\n    at async loginController (file:///Z:/Maxi/Documents/allcomputers/src/controllers/user.controller.js:105:22)"}
